\\classfolders\classfolders\bse\cf_bse17021\semester 2\gd1p03\exercises\day 013\breakout\debug\vc140.pdb
\\classfolders\classfolders\bse\cf_bse17021\semester 2\gd1p03\exercises\day 013\breakout\debug\vc140.idb
\\classfolders\classfolders\bse\cf_bse17021\semester 2\gd1p03\exercises\day 013\breakout\debug\backbuffer.obj
\\classfolders\classfolders\bse\cf_bse17021\semester 2\gd1p03\exercises\day 013\breakout\debug\background.obj
\\classfolders\classfolders\bse\cf_bse17021\semester 2\gd1p03\exercises\day 013\breakout\debug\ball.obj
\\classfolders\classfolders\bse\cf_bse17021\semester 2\gd1p03\exercises\day 013\breakout\debug\brick.obj
\\classfolders\classfolders\bse\cf_bse17021\semester 2\gd1p03\exercises\day 013\breakout\debug\clock.obj
\\classfolders\classfolders\bse\cf_bse17021\semester 2\gd1p03\exercises\day 013\breakout\debug\entity.obj
\\classfolders\classfolders\bse\cf_bse17021\semester 2\gd1p03\exercises\day 013\breakout\debug\framecounter.obj
\\classfolders\classfolders\bse\cf_bse17021\semester 2\gd1p03\exercises\day 013\breakout\debug\game.obj
\\classfolders\classfolders\bse\cf_bse17021\semester 2\gd1p03\exercises\day 013\breakout\debug\level.obj
\\classfolders\classfolders\bse\cf_bse17021\semester 2\gd1p03\exercises\day 013\breakout\debug\main.obj
\\classfolders\classfolders\bse\cf_bse17021\semester 2\gd1p03\exercises\day 013\breakout\debug\paddle.obj
\\classfolders\classfolders\bse\cf_bse17021\semester 2\gd1p03\exercises\day 013\breakout\debug\sprite.obj
c:\users\christopher.rah7445\documents\github\spaceinvaderscpp\v2\breakout\debug\vc140.pdb
c:\users\christopher.rah7445\documents\github\spaceinvaderscpp\v2\breakout\debug\vc140.idb
c:\users\christopher.rah7445\documents\github\spaceinvaderscpp\v2\breakout\debug\backbuffer.obj
c:\users\christopher.rah7445\documents\github\spaceinvaderscpp\v2\breakout\debug\background.obj
c:\users\christopher.rah7445\documents\github\spaceinvaderscpp\v2\breakout\debug\ball.obj
c:\users\christopher.rah7445\documents\github\spaceinvaderscpp\v2\breakout\debug\brick.obj
c:\users\christopher.rah7445\documents\github\spaceinvaderscpp\v2\breakout\debug\clock.obj
c:\users\christopher.rah7445\documents\github\spaceinvaderscpp\v2\breakout\debug\entity.obj
c:\users\christopher.rah7445\documents\github\spaceinvaderscpp\v2\breakout\debug\framecounter.obj
c:\users\christopher.rah7445\documents\github\spaceinvaderscpp\v2\breakout\debug\game.obj
c:\users\christopher.rah7445\documents\github\spaceinvaderscpp\v2\breakout\debug\level.obj
c:\users\christopher.rah7445\documents\github\spaceinvaderscpp\v2\breakout\debug\main.obj
c:\users\christopher.rah7445\documents\github\spaceinvaderscpp\v2\breakout\debug\paddle.obj
c:\users\christopher.rah7445\documents\github\spaceinvaderscpp\v2\breakout\debug\sprite.obj
\\classfolders\classfolders\bse\cf_bse17021\semester 2\gd1p03\exercises\day 013\debug\breakout.ilk
\\classfolders\classfolders\bse\cf_bse17021\semester 2\gd1p03\exercises\day 013\debug\breakout.exe
\\classfolders\classfolders\bse\cf_bse17021\semester 2\gd1p03\exercises\day 013\debug\breakout.pdb
c:\users\christopher.rah7445\documents\github\spaceinvaderscpp\v2\debug\breakout.ilk
c:\users\christopher.rah7445\documents\github\spaceinvaderscpp\v2\debug\breakout.exe
c:\users\christopher.rah7445\documents\github\spaceinvaderscpp\v2\debug\breakout.pdb
\\classfolders\classfolders\bse\cf_bse17021\semester 2\gd1p03\exercises\day 013\breakout\debug\breakout.res
c:\users\christopher.rah7445\documents\github\spaceinvaderscpp\v2\breakout\debug\breakout.res
c:\users\christopher.rah7445\documents\github\spaceinvaderscpp\v2\breakout\debug\breakout.tlog\cl.command.1.tlog
c:\users\christopher.rah7445\documents\github\spaceinvaderscpp\v2\breakout\debug\breakout.tlog\cl.read.1.tlog
c:\users\christopher.rah7445\documents\github\spaceinvaderscpp\v2\breakout\debug\breakout.tlog\cl.write.1.tlog
c:\users\christopher.rah7445\documents\github\spaceinvaderscpp\v2\breakout\debug\breakout.tlog\link.command.1.tlog
c:\users\christopher.rah7445\documents\github\spaceinvaderscpp\v2\breakout\debug\breakout.tlog\link.read.1.tlog
c:\users\christopher.rah7445\documents\github\spaceinvaderscpp\v2\breakout\debug\breakout.tlog\link.write.1.tlog
c:\users\christopher.rah7445\documents\github\spaceinvaderscpp\v2\breakout\debug\breakout.tlog\rc.command.1.tlog
c:\users\christopher.rah7445\documents\github\spaceinvaderscpp\v2\breakout\debug\breakout.tlog\rc.read.1.tlog
c:\users\christopher.rah7445\documents\github\spaceinvaderscpp\v2\breakout\debug\breakout.tlog\rc.write.1.tlog
